Сборка начата 25.01.2023 15:39:58.
Уровень детализации журнала: Normal.     1>Проект "D:\Лабы БГТУ\ТРПО\ТРПО\сделанное\1\Lab1\Lab1.vcxproj" в узле 2 (целевые объекты Build).
     1>PrepareForBuild:
         Создание каталога "Release\Lab1.tlog\".
       InitializeBuildStatus:
         Создание "Release\Lab1.tlog\unsuccessfulbuild", так как было задано "AlwaysCreate".
       ClCompile:
         C:\Program Files (x86)\Microsoft Visual Studio\2019\Community\VC\Tools\MSVC\14.27.29110\bin\HostX86\x86\CL.exe /c /Zi /nologo /W3 /WX- /diagnostics:column /sdl /O2 /Oi /Oy- /GL /D WIN32 /D NDEBUG /D _CONSOLE /D _UNICODE /D UNICODE /Gm- /EHsc /MD /GS /Gy /fp:precise /permissive- /Zc:wchar_t /Zc:forScope /Zc:inline /Fo"Release\\" /Fd"Release\vc142.pdb" /Gd /TP /analyze- /FC /errorReport:prompt Lab1.cpp
         Lab1.cpp
       Link:
         C:\Program Files (x86)\Microsoft Visual Studio\2019\Community\VC\Tools\MSVC\14.27.29110\bin\HostX86\x86\link.exe /ERRORREPORT:PROMPT /OUT:"D:\Лабы БГТУ\ТРПО\ТРПО\сделанное\1\Lab1\Release\Lab1.exe" /INCREMENTAL:NO /NOLOGO kernel32.lib user32.lib gdi32.lib winspool.lib comdlg32.lib advapi32.lib shell32.lib ole32.lib oleaut32.lib uuid.lib odbc32.lib odbccp32.lib /MANIFEST /MANIFESTUAC:"level='asInvoker' uiAccess='false'" /manifest:embed /DEBUG /PDB:"D:\Лабы БГТУ\ТРПО\ТРПО\сделанное\1\Lab1\Release\Lab1.pdb" /SUBSYSTEM:CONSOLE /OPT:REF /OPT:ICF /LTCG:incremental /TLBID:1 /DYNAMICBASE /NXCOMPAT /IMPLIB:"D:\Лабы БГТУ\ТРПО\ТРПО\сделанное\1\Lab1\Release\Lab1.lib" /MACHINE:X86 /SAFESEH Release\Lab1.obj
         Создание кода
         Previous IPDB not found, fall back to full compilation.
         All 11 functions were compiled because no usable IPDB/IOBJ from previous compilation was found.
         Создание кода завершено
         Lab1.vcxproj -> D:\Лабы БГТУ\ТРПО\ТРПО\сделанное\1\Lab1\Release\Lab1.exe
       FinalizeBuildStatus:
         Файл "Release\Lab1.tlog\unsuccessfulbuild" удаляется.
         Обращение к "Release\Lab1.tlog\Lab1.lastbuildstate".
     1>Сборка проекта "D:\Лабы БГТУ\ТРПО\ТРПО\сделанное\1\Lab1\Lab1.vcxproj" завершена (целевые объекты Build).

Сборка успешно завершена.
    Предупреждений: 0
    Ошибок: 0

Прошло времени 00:00:13.57
