Сборка начата 25.01.2023 15:04:28.
Уровень детализации журнала: Normal.     1>Проект "D:\Лабы БГТУ\ТРПО\ТРПО\сделанное\1\Lab1\Lab1.vcxproj" в узле 2 (целевые объекты Rebuild).
     1>_PrepareForClean:
         Файл "Debug\Lab1.tlog\Lab1.lastbuildstate" удаляется.
       CoreClean:
         Файл "D:\Лабы БГТУ\ТРПО\ТРПО\сделанное\1\Lab1\Debug\Lab1.exe" удаляется.
         Файл "D:\Лабы БГТУ\ТРПО\ТРПО\сделанное\1\Lab1\Debug\Lab1.pdb" удаляется.
       InitializeBuildStatus:
         Создание "Debug\Lab1.tlog\unsuccessfulbuild", так как было задано "AlwaysCreate".
       ClCompile:
         C:\Program Files (x86)\Microsoft Visual Studio\2019\Community\VC\Tools\MSVC\14.27.29110\bin\HostX86\x86\CL.exe /c /ZI /JMC /nologo /W3 /WX- /diagnostics:column /sdl /Od /Oy- /D WIN32 /D _DEBUG /D _CONSOLE /D _UNICODE /D UNICODE /Gm- /EHsc /RTC1 /MDd /GS /fp:precise /permissive- /Zc:wchar_t /Zc:forScope /Zc:inline /Fo"Debug\\" /Fd"Debug\vc142.pdb" /Gd /TP /analyze- /FC /errorReport:prompt Lab1.cpp
         Lab1.cpp
       Link:
         C:\Program Files (x86)\Microsoft Visual Studio\2019\Community\VC\Tools\MSVC\14.27.29110\bin\HostX86\x86\link.exe /ERRORREPORT:PROMPT /OUT:"D:\Лабы БГТУ\ТРПО\ТРПО\сделанное\1\Lab1\Debug\Lab1.exe" /INCREMENTAL /NOLOGO kernel32.lib user32.lib gdi32.lib winspool.lib comdlg32.lib advapi32.lib shell32.lib ole32.lib oleaut32.lib uuid.lib odbc32.lib odbccp32.lib /MANIFEST /MANIFESTUAC:"level='asInvoker' uiAccess='false'" /manifest:embed /DEBUG:FASTLINK /PDB:"D:\Лабы БГТУ\ТРПО\ТРПО\сделанное\1\Lab1\Debug\Lab1.pdb" /SUBSYSTEM:CONSOLE /TLBID:1 /DYNAMICBASE /NXCOMPAT /IMPLIB:"D:\Лабы БГТУ\ТРПО\ТРПО\сделанное\1\Lab1\Debug\Lab1.lib" /MACHINE:X86 Debug\Lab1.obj
         Lab1.vcxproj -> D:\Лабы БГТУ\ТРПО\ТРПО\сделанное\1\Lab1\Debug\Lab1.exe
       FinalizeBuildStatus:
         Файл "Debug\Lab1.tlog\unsuccessfulbuild" удаляется.
         Обращение к "Debug\Lab1.tlog\Lab1.lastbuildstate".
     1>Сборка проекта "D:\Лабы БГТУ\ТРПО\ТРПО\сделанное\1\Lab1\Lab1.vcxproj" завершена (целевые объекты Rebuild).

Сборка успешно завершена.
    Предупреждений: 0
    Ошибок: 0

Прошло времени 00:00:05.54
